-------------------------------------------------------------------------------
Test set: com.demo.ChatRoomBySpringBootApplicationTests
-------------------------------------------------------------------------------
Tests run: 2, Failures: 0, Errors: 2, Skipped: 0, Time elapsed: 8.955 s <<< FAILURE! - in com.demo.ChatRoomBySpringBootApplicationTests
testLogin  Time elapsed: 0.004 s  <<< ERROR!
java.lang.IllegalStateException: Failed to load ApplicationContext
Caused by: org.springframework.context.ApplicationContextException: Failed to start bean 'webServerStartStop'; nested exception is org.springframework.boot.web.server.WebServerException: Unable to start embedded Tomcat server
Caused by: org.springframework.boot.web.server.WebServerException: Unable to start embedded Tomcat server
Caused by: java.lang.IllegalArgumentException: standardService.connector.startFailed
Caused by: org.apache.catalina.LifecycleException: Protocol handler start failed
Caused by: java.lang.IllegalArgumentException: keystore password was incorrect
Caused by: java.io.IOException: keystore password was incorrect
Caused by: java.security.UnrecoverableKeyException: failed to decrypt safe contents entry: javax.crypto.BadPaddingException: Given final block not properly padded. Such issues can arise if a bad key is used during decryption.

contextLoads  Time elapsed: 0 s  <<< ERROR!
java.lang.IllegalStateException: Failed to load ApplicationContext
Caused by: org.springframework.context.ApplicationContextException: Failed to start bean 'webServerStartStop'; nested exception is org.springframework.boot.web.server.WebServerException: Unable to start embedded Tomcat server
Caused by: org.springframework.boot.web.server.WebServerException: Unable to start embedded Tomcat server
Caused by: java.lang.IllegalArgumentException: standardService.connector.startFailed
Caused by: org.apache.catalina.LifecycleException: Protocol handler start failed
Caused by: java.lang.IllegalArgumentException: keystore password was incorrect
Caused by: java.io.IOException: keystore password was incorrect
Caused by: java.security.UnrecoverableKeyException: failed to decrypt safe contents entry: javax.crypto.BadPaddingException: Given final block not properly padded. Such issues can arise if a bad key is used during decryption.

